<?xml version="1.0" encoding="UTF-8"?>
<testng-results skipped="0" failed="2" ignored="0" total="4" passed="2">
  <reporter-output>
  </reporter-output>
  <suite name="Orange HRM Regreesion Test Suite" duration-ms="57983" started-at="2019-06-09T06:00:44Z" finished-at="2019-06-09T06:01:42Z">
    <groups>
      <group name="Regression">
        <method signature="HomePageTest.verifyHomepageLinks()[pri:1, instance:com.qa.orageHRM.TestCases.HomePageTest@204f30ec]" name="verifyHomepageLinks" class="com.qa.orageHRM.TestCases.HomePageTest"/>
        <method signature="HomePageTest.verifyMovetoJobTitlePage()[pri:2, instance:com.qa.orageHRM.TestCases.HomePageTest@204f30ec]" name="verifyMovetoJobTitlePage" class="com.qa.orageHRM.TestCases.HomePageTest"/>
        <method signature="LoginTest.verifyLoginTest()[pri:2, instance:com.qa.orageHRM.TestCases.LoginTest@77cd7a0]" name="verifyLoginTest" class="com.qa.orageHRM.TestCases.LoginTest"/>
        <method signature="LoginTest.verifyLogoTest()[pri:1, instance:com.qa.orageHRM.TestCases.LoginTest@77cd7a0]" name="verifyLogoTest" class="com.qa.orageHRM.TestCases.LoginTest"/>
      </group> <!-- Regression -->
      <group name="Smoke">
        <method signature="LoginTest.verifyLoginTest()[pri:2, instance:com.qa.orageHRM.TestCases.LoginTest@77cd7a0]" name="verifyLoginTest" class="com.qa.orageHRM.TestCases.LoginTest"/>
      </group> <!-- Smoke -->
    </groups>
    <test name="Orange HRM-Regression Test" duration-ms="57983" started-at="2019-06-09T06:00:44Z" finished-at="2019-06-09T06:01:42Z">
      <class name="com.qa.orageHRM.TestCases.HomePageTest">
        <test-method status="PASS" signature="setUp(java.lang.String)[pri:0, instance:com.qa.orageHRM.TestCases.HomePageTest@204f30ec]" name="setUp" is-config="true" duration-ms="16418" started-at="2019-06-09T06:00:44Z" finished-at="2019-06-09T06:01:00Z">
          <params>
            <param index="0">
              <value>
                <![CDATA[chrome]]>
              </value>
            </param>
          </params>
          <reporter-output>
          </reporter-output>
        </test-method> <!-- setUp -->
        <test-method status="FAIL" signature="verifyHomepageLinks()[pri:1, instance:com.qa.orageHRM.TestCases.HomePageTest@204f30ec]" name="verifyHomepageLinks" duration-ms="864" started-at="2019-06-09T06:01:00Z" finished-at="2019-06-09T06:01:01Z">
          <exception class="java.lang.AssertionError">
            <message>
              <![CDATA[expected [true] but found [false]]]>
            </message>
            <full-stacktrace>
              <![CDATA[java.lang.AssertionError: expected [true] but found [false]
at org.testng.Assert.fail(Assert.java:96)
at org.testng.Assert.failNotEquals(Assert.java:776)
at org.testng.Assert.assertTrue(Assert.java:44)
at org.testng.Assert.assertTrue(Assert.java:54)
at com.qa.orageHRM.TestCases.HomePageTest.verifyHomepageLinks(HomePageTest.java:54)
at sun.reflect.NativeMethodAccessorImpl.invoke0(Native Method)
at sun.reflect.NativeMethodAccessorImpl.invoke(NativeMethodAccessorImpl.java:62)
at sun.reflect.DelegatingMethodAccessorImpl.invoke(DelegatingMethodAccessorImpl.java:43)
at java.lang.reflect.Method.invoke(Method.java:498)
at org.testng.internal.MethodInvocationHelper.invokeMethod(MethodInvocationHelper.java:124)
at org.testng.internal.Invoker.invokeMethod(Invoker.java:583)
at org.testng.internal.Invoker.invokeTestMethod(Invoker.java:719)
at org.testng.internal.Invoker.invokeTestMethods(Invoker.java:989)
at org.testng.internal.TestMethodWorker.invokeTestMethods(TestMethodWorker.java:125)
at org.testng.internal.TestMethodWorker.run(TestMethodWorker.java:109)
at java.util.concurrent.ThreadPoolExecutor.runWorker(ThreadPoolExecutor.java:1142)
at java.util.concurrent.ThreadPoolExecutor$Worker.run(ThreadPoolExecutor.java:617)
at java.lang.Thread.run(Thread.java:748)
]]>
            </full-stacktrace>
          </exception> <!-- java.lang.AssertionError -->
          <reporter-output>
          </reporter-output>
        </test-method> <!-- verifyHomepageLinks -->
        <test-method status="PASS" signature="tearDown()[pri:0, instance:com.qa.orageHRM.TestCases.HomePageTest@204f30ec]" name="tearDown" is-config="true" duration-ms="660" started-at="2019-06-09T06:01:02Z" finished-at="2019-06-09T06:01:02Z">
          <reporter-output>
          </reporter-output>
        </test-method> <!-- tearDown -->
        <test-method status="PASS" signature="setUp(java.lang.String)[pri:0, instance:com.qa.orageHRM.TestCases.HomePageTest@204f30ec]" name="setUp" is-config="true" duration-ms="9282" started-at="2019-06-09T06:01:29Z" finished-at="2019-06-09T06:01:38Z">
          <params>
            <param index="0">
              <value>
                <![CDATA[chrome]]>
              </value>
            </param>
          </params>
          <reporter-output>
          </reporter-output>
        </test-method> <!-- setUp -->
        <test-method status="PASS" signature="verifyMovetoJobTitlePage()[pri:2, instance:com.qa.orageHRM.TestCases.HomePageTest@204f30ec]" name="verifyMovetoJobTitlePage" duration-ms="2548" started-at="2019-06-09T06:01:38Z" finished-at="2019-06-09T06:01:41Z">
          <reporter-output>
          </reporter-output>
        </test-method> <!-- verifyMovetoJobTitlePage -->
        <test-method status="PASS" signature="tearDown()[pri:0, instance:com.qa.orageHRM.TestCases.HomePageTest@204f30ec]" name="tearDown" is-config="true" duration-ms="874" started-at="2019-06-09T06:01:41Z" finished-at="2019-06-09T06:01:42Z">
          <reporter-output>
          </reporter-output>
        </test-method> <!-- tearDown -->
      </class> <!-- com.qa.orageHRM.TestCases.HomePageTest -->
      <class name="com.qa.orageHRM.TestCases.LoginTest">
        <test-method status="PASS" signature="setUp(java.lang.String)[pri:0, instance:com.qa.orageHRM.TestCases.LoginTest@77cd7a0]" name="setUp" is-config="true" duration-ms="12915" started-at="2019-06-09T06:00:44Z" finished-at="2019-06-09T06:00:57Z">
          <params>
            <param index="0">
              <value>
                <![CDATA[chrome]]>
              </value>
            </param>
          </params>
          <reporter-output>
          </reporter-output>
        </test-method> <!-- setUp -->
        <test-method status="FAIL" signature="verifyLogoTest()[pri:1, instance:com.qa.orageHRM.TestCases.LoginTest@77cd7a0]" name="verifyLogoTest" duration-ms="30613" started-at="2019-06-09T06:00:57Z" finished-at="2019-06-09T06:01:28Z">
          <exception class="org.openqa.selenium.NoSuchElementException">
            <message>
              <![CDATA[no such element: Unable to locate element: {"method":"xpath","selector":"//img[@src='/webres_5ca6658021cd89.53008077/themes/default/images/login/logo.png']"}
  (Session info: chrome=74.0.3729.169)
  (Driver info: chromedriver=2.41.578737 (49da6702b16031c40d63e5618de03a32ff6c197e),platform=Windows NT 6.1.7601 SP1 x86_64) (WARNING: The server did not provide any stacktrace information)
Command duration or timeout: 0 milliseconds
For documentation on this error, please visit: https://www.seleniumhq.org/exceptions/no_such_element.html
Build info: version: '3.141.59', revision: 'e82be7d358', time: '2018-11-14T08:17:03'
System info: host: 'CHINTU-VAIO', ip: '192.168.1.129', os.name: 'Windows 7', os.arch: 'amd64', os.version: '6.1', java.version: '1.8.0_131'
Driver info: org.openqa.selenium.chrome.ChromeDriver
Capabilities {acceptInsecureCerts: false, acceptSslCerts: false, applicationCacheEnabled: false, browserConnectionEnabled: false, browserName: chrome, chrome: {chromedriverVersion: 2.41.578737 (49da6702b16031..., userDataDir: C:\Users\Chintu\AppData\Loc...}, cssSelectorsEnabled: true, databaseEnabled: false, goog:chromeOptions: {debuggerAddress: localhost:59012}, handlesAlerts: true, hasTouchScreen: false, javascriptEnabled: true, locationContextEnabled: true, mobileEmulationEnabled: false, nativeEvents: true, networkConnectionEnabled: false, pageLoadStrategy: normal, platform: XP, platformName: XP, rotatable: false, setWindowRect: true, takesHeapSnapshot: true, takesScreenshot: true, unexpectedAlertBehaviour: , unhandledPromptBehavior: , version: 74.0.3729.169, webStorageEnabled: true}
Session ID: 323adf84bdc62fdf91a7ee25d2eeec08
*** Element info: {Using=xpath, value=//img[@src='/webres_5ca6658021cd89.53008077/themes/default/images/login/logo.png']}]]>
            </message>
            <full-stacktrace>
              <![CDATA[org.openqa.selenium.NoSuchElementException: no such element: Unable to locate element: {"method":"xpath","selector":"//img[@src='/webres_5ca6658021cd89.53008077/themes/default/images/login/logo.png']"}
  (Session info: chrome=74.0.3729.169)
  (Driver info: chromedriver=2.41.578737 (49da6702b16031c40d63e5618de03a32ff6c197e),platform=Windows NT 6.1.7601 SP1 x86_64) (WARNING: The server did not provide any stacktrace information)
Command duration or timeout: 0 milliseconds
For documentation on this error, please visit: https://www.seleniumhq.org/exceptions/no_such_element.html
Build info: version: '3.141.59', revision: 'e82be7d358', time: '2018-11-14T08:17:03'
System info: host: 'CHINTU-VAIO', ip: '192.168.1.129', os.name: 'Windows 7', os.arch: 'amd64', os.version: '6.1', java.version: '1.8.0_131'
Driver info: org.openqa.selenium.chrome.ChromeDriver
Capabilities {acceptInsecureCerts: false, acceptSslCerts: false, applicationCacheEnabled: false, browserConnectionEnabled: false, browserName: chrome, chrome: {chromedriverVersion: 2.41.578737 (49da6702b16031..., userDataDir: C:\Users\Chintu\AppData\Loc...}, cssSelectorsEnabled: true, databaseEnabled: false, goog:chromeOptions: {debuggerAddress: localhost:59012}, handlesAlerts: true, hasTouchScreen: false, javascriptEnabled: true, locationContextEnabled: true, mobileEmulationEnabled: false, nativeEvents: true, networkConnectionEnabled: false, pageLoadStrategy: normal, platform: XP, platformName: XP, rotatable: false, setWindowRect: true, takesHeapSnapshot: true, takesScreenshot: true, unexpectedAlertBehaviour: , unhandledPromptBehavior: , version: 74.0.3729.169, webStorageEnabled: true}
Session ID: 323adf84bdc62fdf91a7ee25d2eeec08
*** Element info: {Using=xpath, value=//img[@src='/webres_5ca6658021cd89.53008077/themes/default/images/login/logo.png']}
at sun.reflect.NativeConstructorAccessorImpl.newInstance0(Native Method)
at sun.reflect.NativeConstructorAccessorImpl.newInstance(NativeConstructorAccessorImpl.java:62)
at sun.reflect.DelegatingConstructorAccessorImpl.newInstance(DelegatingConstructorAccessorImpl.java:45)
at java.lang.reflect.Constructor.newInstance(Constructor.java:423)
at org.openqa.selenium.remote.ErrorHandler.createThrowable(ErrorHandler.java:214)
at org.openqa.selenium.remote.ErrorHandler.throwIfResponseFailed(ErrorHandler.java:166)
at org.openqa.selenium.remote.http.JsonHttpResponseCodec.reconstructValue(JsonHttpResponseCodec.java:40)
at org.openqa.selenium.remote.http.AbstractHttpResponseCodec.decode(AbstractHttpResponseCodec.java:80)
at org.openqa.selenium.remote.http.AbstractHttpResponseCodec.decode(AbstractHttpResponseCodec.java:44)
at org.openqa.selenium.remote.HttpCommandExecutor.execute(HttpCommandExecutor.java:158)
at org.openqa.selenium.remote.service.DriverCommandExecutor.execute(DriverCommandExecutor.java:83)
at org.openqa.selenium.remote.RemoteWebDriver.execute(RemoteWebDriver.java:552)
at org.openqa.selenium.remote.RemoteWebDriver.findElement(RemoteWebDriver.java:323)
at org.openqa.selenium.remote.RemoteWebDriver.findElementByXPath(RemoteWebDriver.java:428)
at org.openqa.selenium.By$ByXPath.findElement(By.java:353)
at org.openqa.selenium.remote.RemoteWebDriver.findElement(RemoteWebDriver.java:315)
at org.openqa.selenium.support.pagefactory.DefaultElementLocator.findElement(DefaultElementLocator.java:69)
at org.openqa.selenium.support.pagefactory.internal.LocatingElementHandler.invoke(LocatingElementHandler.java:38)
at com.sun.proxy.$Proxy10.isDisplayed(Unknown Source)
at com.qa.orangeHRM.Pages.LoginPage.verifyOrangeHRMLogo(LoginPage.java:29)
at com.qa.orageHRM.TestCases.LoginTest.verifyLogoTest(LoginTest.java:41)
at sun.reflect.NativeMethodAccessorImpl.invoke0(Native Method)
at sun.reflect.NativeMethodAccessorImpl.invoke(NativeMethodAccessorImpl.java:62)
at sun.reflect.DelegatingMethodAccessorImpl.invoke(DelegatingMethodAccessorImpl.java:43)
at java.lang.reflect.Method.invoke(Method.java:498)
at org.testng.internal.MethodInvocationHelper.invokeMethod(MethodInvocationHelper.java:124)
at org.testng.internal.Invoker.invokeMethod(Invoker.java:583)
at org.testng.internal.Invoker.invokeTestMethod(Invoker.java:719)
at org.testng.internal.Invoker.invokeTestMethods(Invoker.java:989)
at org.testng.internal.TestMethodWorker.invokeTestMethods(TestMethodWorker.java:125)
at org.testng.internal.TestMethodWorker.run(TestMethodWorker.java:109)
at java.util.concurrent.ThreadPoolExecutor.runWorker(ThreadPoolExecutor.java:1142)
at java.util.concurrent.ThreadPoolExecutor$Worker.run(ThreadPoolExecutor.java:617)
at java.lang.Thread.run(Thread.java:748)
]]>
            </full-stacktrace>
          </exception> <!-- org.openqa.selenium.NoSuchElementException -->
          <reporter-output>
          </reporter-output>
        </test-method> <!-- verifyLogoTest -->
        <test-method status="PASS" signature="tearDown()[pri:0, instance:com.qa.orageHRM.TestCases.LoginTest@77cd7a0]" name="tearDown" is-config="true" duration-ms="871" started-at="2019-06-09T06:01:28Z" finished-at="2019-06-09T06:01:29Z">
          <reporter-output>
          </reporter-output>
        </test-method> <!-- tearDown -->
        <test-method status="PASS" signature="setUp(java.lang.String)[pri:0, instance:com.qa.orageHRM.TestCases.LoginTest@77cd7a0]" name="setUp" is-config="true" duration-ms="5831" started-at="2019-06-09T06:01:29Z" finished-at="2019-06-09T06:01:35Z">
          <params>
            <param index="0">
              <value>
                <![CDATA[chrome]]>
              </value>
            </param>
          </params>
          <reporter-output>
          </reporter-output>
        </test-method> <!-- setUp -->
        <test-method status="PASS" signature="verifyLoginTest()[pri:2, instance:com.qa.orageHRM.TestCases.LoginTest@77cd7a0]" name="verifyLoginTest" duration-ms="2748" started-at="2019-06-09T06:01:35Z" finished-at="2019-06-09T06:01:38Z">
          <reporter-output>
          </reporter-output>
        </test-method> <!-- verifyLoginTest -->
        <test-method status="PASS" signature="tearDown()[pri:0, instance:com.qa.orageHRM.TestCases.LoginTest@77cd7a0]" name="tearDown" is-config="true" duration-ms="775" started-at="2019-06-09T06:01:38Z" finished-at="2019-06-09T06:01:38Z">
          <reporter-output>
          </reporter-output>
        </test-method> <!-- tearDown -->
      </class> <!-- com.qa.orageHRM.TestCases.LoginTest -->
    </test> <!-- Orange HRM-Regression Test -->
  </suite> <!-- Orange HRM Regreesion Test Suite -->
</testng-results>
